-------------------------------------------------------------------------------
Test set: com.example.SocialApplicationTests
-------------------------------------------------------------------------------
Tests run: 1, Failures: 0, Errors: 1, Skipped: 0, Time elapsed: 0.012 s <<< FAILURE! - in com.example.SocialApplicationTests
initializationError  Time elapsed: 0.009 s  <<< ERROR!
org.springframework.beans.factory.BeanDefinitionStoreException: Failed to read candidate component class: file [C:\Users\Lenovo\Downloads\tut-spring-boot-oauth2-main\tut-spring-boot-oauth2-main\two-providers\target\test-classes\com\example\SocialApplicationTests.class]; nested exception is org.springframework.core.NestedIOException: ASM ClassReader failed to parse class file - probably due to a new Java class file version that isn't supported yet: file [C:\Users\Lenovo\Downloads\tut-spring-boot-oauth2-main\tut-spring-boot-oauth2-main\two-providers\target\test-classes\com\example\SocialApplicationTests.class]; nested exception is java.lang.IllegalArgumentException: Unsupported class file major version 61
Caused by: org.springframework.core.NestedIOException: ASM ClassReader failed to parse class file - probably due to a new Java class file version that isn't supported yet: file [C:\Users\Lenovo\Downloads\tut-spring-boot-oauth2-main\tut-spring-boot-oauth2-main\two-providers\target\test-classes\com\example\SocialApplicationTests.class]; nested exception is java.lang.IllegalArgumentException: Unsupported class file major version 61
Caused by: java.lang.IllegalArgumentException: Unsupported class file major version 61

