<?xml version="1.0" encoding="UTF-8"?>
<testsuite xmlns:xsi="http://www.w3.org/2001/XMLSchema-instance" xsi:noNamespaceSchemaLocation="https://maven.apache.org/surefire/maven-surefire-plugin/xsd/surefire-test-report.xsd" name="com.example.SocialApplicationTests" time="0.012" tests="1" errors="1" skipped="0" failures="0">
  <properties>
[...]
</properties>
  <testcase name="initializationError" classname="com.example.SocialApplicationTests" time="0.009">
    <error message="Failed to read candidate component class: file [C:\Users\Lenovo\Downloads\tut-spring-boot-oauth2-main\tut-spring-boot-oauth2-main\two-providers\target\test-classes\com\example\SocialApplicationTests.class]; nested exception is org.springframework.core.NestedIOException: ASM ClassReader failed to parse class file - probably due to a new Java class file version that isn&apos;t supported yet: file [C:\Users\Lenovo\Downloads\tut-spring-boot-oauth2-main\tut-spring-boot-oauth2-main\two-providers\target\test-classes\com\example\SocialApplicationTests.class]; nested exception is java.lang.IllegalArgumentException: Unsupported class file major version 61" type="org.springframework.beans.factory.BeanDefinitionStoreException">org.springframework.beans.factory.BeanDefinitionStoreException: Failed to read candidate component class: file [C:\Users\Lenovo\Downloads\tut-spring-boot-oauth2-main\tut-spring-boot-oauth2-main\two-providers\target\test-classes\com\example\SocialApplicationTests.class]; nested exception is org.springframework.core.NestedIOException: ASM ClassReader failed to parse class file - probably due to a new Java class file version that isn't supported yet: file [C:\Users\Lenovo\Downloads\tut-spring-boot-oauth2-main\tut-spring-boot-oauth2-main\two-providers\target\test-classes\com\example\SocialApplicationTests.class]; nested exception is java.lang.IllegalArgumentException: Unsupported class file major version 61
Caused by: org.springframework.core.NestedIOException: ASM ClassReader failed to parse class file - probably due to a new Java class file version that isn't supported yet: file [C:\Users\Lenovo\Downloads\tut-spring-boot-oauth2-main\tut-spring-boot-oauth2-main\two-providers\target\test-classes\com\example\SocialApplicationTests.class]; nested exception is java.lang.IllegalArgumentException: Unsupported class file major version 61
Caused by: java.lang.IllegalArgumentException: Unsupported class file major version 61
</error>
    <system-out><![CDATA[12:21:35.669 [main] DEBUG org.springframework.test.context.junit4.SpringJUnit4ClassRunner - SpringJUnit4ClassRunner constructor called with [class com.example.SocialApplicationTests]
12:21:35.674 [main] DEBUG org.springframework.test.context.BootstrapUtils - Instantiating CacheAwareContextLoaderDelegate from class [org.springframework.test.context.cache.DefaultCacheAwareContextLoaderDelegate]
12:21:35.681 [main] DEBUG org.springframework.test.context.BootstrapUtils - Instantiating BootstrapContext using constructor [public org.springframework.test.context.support.DefaultBootstrapContext(java.lang.Class,org.springframework.test.context.CacheAwareContextLoaderDelegate)]
12:21:35.718 [main] DEBUG org.springframework.test.context.BootstrapUtils - Instantiating TestContextBootstrapper for test class [com.example.SocialApplicationTests] from class [org.springframework.boot.test.context.SpringBootTestContextBootstrapper]
12:21:35.743 [main] INFO org.springframework.boot.test.context.SpringBootTestContextBootstrapper - Neither @ContextConfiguration nor @ContextHierarchy found for test class [com.example.SocialApplicationTests], using SpringBootContextLoader
12:21:35.747 [main] DEBUG org.springframework.test.context.support.AbstractContextLoader - Did not detect default resource location for test class [com.example.SocialApplicationTests]: class path resource [com/example/SocialApplicationTests-context.xml] does not exist
12:21:35.747 [main] DEBUG org.springframework.test.context.support.AbstractContextLoader - Did not detect default resource location for test class [com.example.SocialApplicationTests]: class path resource [com/example/SocialApplicationTestsContext.groovy] does not exist
12:21:35.747 [main] INFO org.springframework.test.context.support.AbstractContextLoader - Could not detect default resource locations for test class [com.example.SocialApplicationTests]: no resource found for suffixes {-context.xml, Context.groovy}.
12:21:35.748 [main] INFO org.springframework.test.context.support.AnnotationConfigContextLoaderUtils - Could not detect default configuration classes for test class [com.example.SocialApplicationTests]: SocialApplicationTests does not declare any static, non-private, non-final, nested classes annotated with @Configuration.
12:21:35.795 [main] DEBUG org.springframework.test.context.support.ActiveProfilesUtils - Could not find an 'annotation declaring class' for annotation type [org.springframework.test.context.ActiveProfiles] and class [com.example.SocialApplicationTests]
12:21:35.851 [main] DEBUG org.springframework.test.context.junit4.SpringJUnit4ClassRunner - SpringJUnit4ClassRunner constructor called with [class com.example.SocialApplicationTests]
12:21:35.851 [main] DEBUG org.springframework.test.context.BootstrapUtils - Instantiating CacheAwareContextLoaderDelegate from class [org.springframework.test.context.cache.DefaultCacheAwareContextLoaderDelegate]
12:21:35.851 [main] DEBUG org.springframework.test.context.BootstrapUtils - Instantiating BootstrapContext using constructor [public org.springframework.test.context.support.DefaultBootstrapContext(java.lang.Class,org.springframework.test.context.CacheAwareContextLoaderDelegate)]
12:21:35.852 [main] DEBUG org.springframework.test.context.BootstrapUtils - Instantiating TestContextBootstrapper for test class [com.example.SocialApplicationTests] from class [org.springframework.boot.test.context.SpringBootTestContextBootstrapper]
12:21:35.852 [main] INFO org.springframework.boot.test.context.SpringBootTestContextBootstrapper - Neither @ContextConfiguration nor @ContextHierarchy found for test class [com.example.SocialApplicationTests], using SpringBootContextLoader
12:21:35.853 [main] DEBUG org.springframework.test.context.support.AbstractContextLoader - Did not detect default resource location for test class [com.example.SocialApplicationTests]: class path resource [com/example/SocialApplicationTests-context.xml] does not exist
12:21:35.854 [main] DEBUG org.springframework.test.context.support.AbstractContextLoader - Did not detect default resource location for test class [com.example.SocialApplicationTests]: class path resource [com/example/SocialApplicationTestsContext.groovy] does not exist
12:21:35.854 [main] INFO org.springframework.test.context.support.AbstractContextLoader - Could not detect default resource locations for test class [com.example.SocialApplicationTests]: no resource found for suffixes {-context.xml, Context.groovy}.
12:21:35.854 [main] INFO org.springframework.test.context.support.AnnotationConfigContextLoaderUtils - Could not detect default configuration classes for test class [com.example.SocialApplicationTests]: SocialApplicationTests does not declare any static, non-private, non-final, nested classes annotated with @Configuration.
12:21:35.857 [main] DEBUG org.springframework.test.context.support.ActiveProfilesUtils - Could not find an 'annotation declaring class' for annotation type [org.springframework.test.context.ActiveProfiles] and class [com.example.SocialApplicationTests]
]]></system-out>
  </testcase>
</testsuite>